[debug] [2018-05-25T12:49:53.360Z] ----------------------------------------------------------------------
[debug] [2018-05-25T12:49:53.360Z] Command:       C:\Program Files\nodejs\node.exe C:\Users\matte\AppData\Roaming\npm\node_modules\firebase-tools\bin\firebase deploy --only functions:like
[debug] [2018-05-25T12:49:53.360Z] CLI Version:   3.18.4
[debug] [2018-05-25T12:49:53.360Z] Platform:      win32
[debug] [2018-05-25T12:49:53.360Z] Node Version:  v9.6.1
[debug] [2018-05-25T12:49:53.360Z] Time:          Fri May 25 2018 14:49:53 GMT+0200 (ora legale Europa occidentale)
[debug] [2018-05-25T12:49:53.360Z] ----------------------------------------------------------------------
[debug] 
[debug] [2018-05-25T12:49:53.375Z] > command requires scopes: ["email","openid","https://www.googleapis.com/auth/cloudplatformprojects.readonly","https://www.googleapis.com/auth/firebase","https://www.googleapis.com/auth/cloud-platform"]
[debug] [2018-05-25T12:49:53.375Z] > authorizing via signed-in user
[debug] [2018-05-25T12:49:53.375Z] >>> HTTP REQUEST GET https://admin.firebase.com/v1/projects/smop-database-ca8b7  
  
 Fri May 25 2018 14:49:53 GMT+0200 (ora legale Europa occidentale)
[debug] [2018-05-25T12:49:54.088Z] <<< HTTP RESPONSE 200
[debug] [2018-05-25T12:49:54.089Z] >>> HTTP REQUEST GET https://admin.firebase.com/v1/database/smop-database-ca8b7/tokens  
  
 Fri May 25 2018 14:49:54 GMT+0200 (ora legale Europa occidentale)
[debug] [2018-05-25T12:49:54.797Z] <<< HTTP RESPONSE 200
[warn] !  functions: package.json indicates an outdated version of firebase-functions.
 Please upgrade using npm install --save firebase-functions@latest in your functions directory.
[warn] !  functions: Please note that there will be breaking changes when you upgrade.
 Go to https://firebase.google.com/docs/functions/beta-v1-diff to learn more.
[info] 
[info] === Deploying to 'smop-database-ca8b7'...
[info] 
[info] i  deploying functions
[info] Running command: npm --prefix "$RESOURCE_DIR" run lint
